DEB [20230601-10:03:12.969] thr=1   paramiko.transport: starting thread (client mode): 0xdd197910L
DEB [20230601-10:03:12.969] thr=1   paramiko.transport: Local version/idstring: SSH-2.0-paramiko_2.1.1
DEB [20230601-10:03:12.978] thr=1   paramiko.transport: Remote version/idstring: SSH-2.0-OpenSSH_7.4
INF [20230601-10:03:12.978] thr=1   paramiko.transport: Connected (version 2.0, client OpenSSH_7.4)
DEB [20230601-10:03:12.990] thr=1   paramiko.transport: kex algos:[u'curve25519-sha256', u'curve25519-sha256@libssh.org', u'ecdh-sha2-nistp256', u'ecdh-sha2-nistp384', u'ecdh-sha2-nistp521', u'diffie-hellman-group-exchange-sha256', u'diffie-hellman-group16-sha512', u'diffie-hellman-group18-sha512', u'diffie-hellman-group-exchange-sha1', u'diffie-hellman-group14-sha256', u'diffie-hellman-group14-sha1', u'diffie-hellman-group1-sha1'] server key:[u'ssh-rsa', u'rsa-sha2-512', u'rsa-sha2-256', u'ecdsa-sha2-nistp256', u'ssh-ed25519'] client encrypt:[u'chacha20-poly1305@openssh.com', u'aes128-ctr', u'aes192-ctr', u'aes256-ctr', u'aes128-gcm@openssh.com', u'aes256-gcm@openssh.com', u'aes128-cbc', u'aes192-cbc', u'aes256-cbc', u'blowfish-cbc', u'cast128-cbc', u'3des-cbc'] server encrypt:[u'chacha20-poly1305@openssh.com', u'aes128-ctr', u'aes192-ctr', u'aes256-ctr', u'aes128-gcm@openssh.com', u'aes256-gcm@openssh.com', u'aes128-cbc', u'aes192-cbc', u'aes256-cbc', u'blowfish-cbc', u'cast128-cbc', u'3des-cbc'] client mac:[u'umac-64-etm@openssh.com', u'umac-128-etm@openssh.com', u'hmac-sha2-256-etm@openssh.com', u'hmac-sha2-512-etm@openssh.com', u'hmac-sha1-etm@openssh.com', u'umac-64@openssh.com', u'umac-128@openssh.com', u'hmac-sha2-256', u'hmac-sha2-512', u'hmac-sha1'] server mac:[u'umac-64-etm@openssh.com', u'umac-128-etm@openssh.com', u'hmac-sha2-256-etm@openssh.com', u'hmac-sha2-512-etm@openssh.com', u'hmac-sha1-etm@openssh.com', u'umac-64@openssh.com', u'umac-128@openssh.com', u'hmac-sha2-256', u'hmac-sha2-512', u'hmac-sha1'] client compress:[u'none', u'zlib@openssh.com'] server compress:[u'none', u'zlib@openssh.com'] client lang:[u''] server lang:[u''] kex follows?False
DEB [20230601-10:03:12.990] thr=1   paramiko.transport: Kex agreed: diffie-hellman-group1-sha1
DEB [20230601-10:03:12.990] thr=1   paramiko.transport: Cipher agreed: aes128-ctr
DEB [20230601-10:03:12.990] thr=1   paramiko.transport: MAC agreed: hmac-sha2-256
DEB [20230601-10:03:12.991] thr=1   paramiko.transport: Compression agreed: none
DEB [20230601-10:03:13.054] thr=1   paramiko.transport: kex engine KexGroup1 specified hash_algo <built-in function openssl_sha1>
DEB [20230601-10:03:13.055] thr=1   paramiko.transport: Switch to new keys ...
DEB [20230601-10:03:13.070] thr=2   paramiko.transport: Adding ssh-rsa host key for 192.168.20.77: 3f990f32f4ec652bd7d02fe126b28036
DEB [20230601-10:03:13.096] thr=1   paramiko.transport: userauth is OK
INF [20230601-10:03:14.753] thr=1   paramiko.transport: Authentication (password) failed.
DEB [20230601-10:03:14.785] thr=3   paramiko.transport: starting thread (client mode): 0xdc12a050L
DEB [20230601-10:03:14.786] thr=3   paramiko.transport: Local version/idstring: SSH-2.0-paramiko_2.1.1
DEB [20230601-10:03:14.798] thr=3   paramiko.transport: Remote version/idstring: SSH-2.0-OpenSSH_7.4
INF [20230601-10:03:14.799] thr=3   paramiko.transport: Connected (version 2.0, client OpenSSH_7.4)
DEB [20230601-10:03:14.800] thr=3   paramiko.transport: kex algos:[u'curve25519-sha256', u'curve25519-sha256@libssh.org', u'ecdh-sha2-nistp256', u'ecdh-sha2-nistp384', u'ecdh-sha2-nistp521', u'diffie-hellman-group-exchange-sha256', u'diffie-hellman-group16-sha512', u'diffie-hellman-group18-sha512', u'diffie-hellman-group-exchange-sha1', u'diffie-hellman-group14-sha256', u'diffie-hellman-group14-sha1', u'diffie-hellman-group1-sha1'] server key:[u'ssh-rsa', u'rsa-sha2-512', u'rsa-sha2-256', u'ecdsa-sha2-nistp256', u'ssh-ed25519'] client encrypt:[u'chacha20-poly1305@openssh.com', u'aes128-ctr', u'aes192-ctr', u'aes256-ctr', u'aes128-gcm@openssh.com', u'aes256-gcm@openssh.com', u'aes128-cbc', u'aes192-cbc', u'aes256-cbc', u'blowfish-cbc', u'cast128-cbc', u'3des-cbc'] server encrypt:[u'chacha20-poly1305@openssh.com', u'aes128-ctr', u'aes192-ctr', u'aes256-ctr', u'aes128-gcm@openssh.com', u'aes256-gcm@openssh.com', u'aes128-cbc', u'aes192-cbc', u'aes256-cbc', u'blowfish-cbc', u'cast128-cbc', u'3des-cbc'] client mac:[u'umac-64-etm@openssh.com', u'umac-128-etm@openssh.com', u'hmac-sha2-256-etm@openssh.com', u'hmac-sha2-512-etm@openssh.com', u'hmac-sha1-etm@openssh.com', u'umac-64@openssh.com', u'umac-128@openssh.com', u'hmac-sha2-256', u'hmac-sha2-512', u'hmac-sha1'] server mac:[u'umac-64-etm@openssh.com', u'umac-128-etm@openssh.com', u'hmac-sha2-256-etm@openssh.com', u'hmac-sha2-512-etm@openssh.com', u'hmac-sha1-etm@openssh.com', u'umac-64@openssh.com', u'umac-128@openssh.com', u'hmac-sha2-256', u'hmac-sha2-512', u'hmac-sha1'] client compress:[u'none', u'zlib@openssh.com'] server compress:[u'none', u'zlib@openssh.com'] client lang:[u''] server lang:[u''] kex follows?False
DEB [20230601-10:03:14.800] thr=3   paramiko.transport: Kex agreed: diffie-hellman-group1-sha1
DEB [20230601-10:03:14.800] thr=3   paramiko.transport: Cipher agreed: aes128-ctr
DEB [20230601-10:03:14.800] thr=3   paramiko.transport: MAC agreed: hmac-sha2-256
DEB [20230601-10:03:14.801] thr=3   paramiko.transport: Compression agreed: none
DEB [20230601-10:03:14.811] thr=3   paramiko.transport: kex engine KexGroup1 specified hash_algo <built-in function openssl_sha1>
DEB [20230601-10:03:14.812] thr=3   paramiko.transport: Switch to new keys ...
DEB [20230601-10:03:14.821] thr=2   paramiko.transport: Adding ssh-rsa host key for 192.168.20.77: 3f990f32f4ec652bd7d02fe126b28036
DEB [20230601-10:03:14.853] thr=3   paramiko.transport: userauth is OK
INF [20230601-10:03:14.883] thr=3   paramiko.transport: Authentication (password) successful!
DEB [20230601-10:03:14.984] thr=3   paramiko.transport: EOF in transport thread
DEB [20230601-10:03:15.056] thr=1   paramiko.transport: EOF in transport thread
